<?xml version="1.0" encoding="UTF-8"?>
<testng-results ignored="0" total="1" passed="0" failed="1" skipped="0">
  <reporter-output>
  </reporter-output>
  <suite started-at="2024-11-20T21:48:17 GMT+06:00" name="Default suite" finished-at="2024-11-20T21:48:25 GMT+06:00" duration-ms="7881">
    <groups>
    </groups>
    <test started-at="2024-11-20T21:48:17 GMT+06:00" name="Default test" finished-at="2024-11-20T21:48:25 GMT+06:00" duration-ms="7881">
      <class name="tests.Animations">
        <test-method is-config="true" signature="reportSetup()[pri:0, instance:tests.Animations@24313fcc]" started-at="2024-11-20T21:48:17 GMT+06:00" name="reportSetup" finished-at="2024-11-20T21:48:17 GMT+06:00" duration-ms="160" status="PASS">
          <reporter-output>
          </reporter-output>
        </test-method> <!-- reportSetup -->
        <test-method is-config="true" signature="setupDriver()[pri:0, instance:tests.Animations@24313fcc]" started-at="2024-11-20T21:48:17 GMT+06:00" name="setupDriver" finished-at="2024-11-20T21:48:25 GMT+06:00" duration-ms="7854" status="PASS">
          <reporter-output>
          </reporter-output>
        </test-method> <!-- setupDriver -->
        <test-method signature="testActivityTransition()[pri:0, instance:tests.Animations@24313fcc]" started-at="2024-11-20T21:48:25 GMT+06:00" name="testActivityTransition" finished-at="2024-11-20T21:48:25 GMT+06:00" duration-ms="6" status="FAIL">
          <exception class="java.lang.NullPointerException">
            <message>
              <![CDATA[Cannot invoke "com.aventstack.extentreports.ExtentReports.createTest(String)" because "this.extent" is null]]>
            </message>
            <full-stacktrace>
              <![CDATA[java.lang.NullPointerException: Cannot invoke "com.aventstack.extentreports.ExtentReports.createTest(String)" because "this.extent" is null
at tests.Animations.testActivityTransition(Animations.java:17)
at java.base/jdk.internal.reflect.DirectMethodHandleAccessor.invoke(DirectMethodHandleAccessor.java:103)
at java.base/java.lang.reflect.Method.invoke(Method.java:580)
at org.testng.internal.invokers.MethodInvocationHelper.invokeMethod(MethodInvocationHelper.java:139)
at org.testng.internal.invokers.TestInvoker.invokeMethod(TestInvoker.java:677)
at org.testng.internal.invokers.TestInvoker.invokeTestMethod(TestInvoker.java:221)
at org.testng.internal.invokers.MethodRunner.runInSequence(MethodRunner.java:50)
at org.testng.internal.invokers.TestInvoker$MethodInvocationAgent.invoke(TestInvoker.java:969)
at org.testng.internal.invokers.TestInvoker.invokeTestMethods(TestInvoker.java:194)
at org.testng.internal.invokers.TestMethodWorker.invokeTestMethods(TestMethodWorker.java:148)
at org.testng.internal.invokers.TestMethodWorker.run(TestMethodWorker.java:128)
at java.base/java.util.ArrayList.forEach(ArrayList.java:1597)
at org.testng.TestRunner.privateRun(TestRunner.java:829)
at org.testng.TestRunner.run(TestRunner.java:602)
at org.testng.SuiteRunner.runTest(SuiteRunner.java:437)
at org.testng.SuiteRunner.runSequentially(SuiteRunner.java:431)
at org.testng.SuiteRunner.privateRun(SuiteRunner.java:391)
at org.testng.SuiteRunner.run(SuiteRunner.java:330)
at org.testng.SuiteRunnerWorker.runSuite(SuiteRunnerWorker.java:52)
at org.testng.SuiteRunnerWorker.run(SuiteRunnerWorker.java:95)
at org.testng.TestNG.runSuitesSequentially(TestNG.java:1256)
at org.testng.TestNG.runSuitesLocally(TestNG.java:1176)
at org.testng.TestNG.runSuites(TestNG.java:1099)
at org.testng.TestNG.run(TestNG.java:1067)
at org.testng.remote.AbstractRemoteTestNG.run(AbstractRemoteTestNG.java:115)
at org.testng.remote.RemoteTestNG.initAndRun(RemoteTestNG.java:293)
at org.testng.remote.RemoteTestNG.main(RemoteTestNG.java:91)
]]>
            </full-stacktrace>
          </exception> <!-- java.lang.NullPointerException -->
          <reporter-output>
          </reporter-output>
        </test-method> <!-- testActivityTransition -->
        <test-method is-config="true" signature="teardownDriver()[pri:0, instance:tests.Animations@24313fcc]" started-at="2024-11-20T21:48:25 GMT+06:00" name="teardownDriver" finished-at="2024-11-20T21:48:25 GMT+06:00" duration-ms="1" status="PASS">
          <reporter-output>
          </reporter-output>
        </test-method> <!-- teardownDriver -->
        <test-method is-config="true" signature="teardown()[pri:0, instance:tests.Animations@24313fcc]" started-at="2024-11-20T21:48:25 GMT+06:00" name="teardown" finished-at="2024-11-20T21:48:25 GMT+06:00" duration-ms="195" status="PASS">
          <reporter-output>
          </reporter-output>
        </test-method> <!-- teardown -->
      </class> <!-- tests.Animations -->
    </test> <!-- Default test -->
  </suite> <!-- Default suite -->
</testng-results>
